This is TeX, Version 3.14159265 (MiKTeX 2.9.6600 64-bit) (preloaded format=tex 2018.3.9)  9 MAR 2018 09:29
**./karencv.ins
(karencv.ins ("C:\Program Files\MiKTeX 2.9\tex\latex\base\docstrip.tex"
\blockLevel=\count26
\emptyLines=\count27
\processedLines=\count28
\commentsRemoved=\count29
\commentsPassed=\count30
\codeLinesPassed=\count31
\TotalprocessedLines=\count32
\TotalcommentsRemoved=\count33
\TotalcommentsPassed=\count34
\TotalcodeLinesPassed=\count35
\NumberOfFiles=\count36
\inFile=\read0
\inputcheck=\read1
\@tempcnta=\count37
\off@0=\count38
\off@1=\count39
\off@2=\count40
\off@3=\count41
\off@4=\count42
\off@5=\count43
\off@6=\count44
\off@7=\count45
\off@8=\count46
\off@9=\count47
\off@10=\count48
\off@11=\count49
\off@12=\count50
\off@13=\count51
\off@14=\count52
\off@15=\count53
\@temptokena=\toks12
\@maxfiles=\count54
\@maxoutfiles=\count55

Utility: `docstrip' 2.5e <2014/09/29>
English documentation    <2017/03/13>

**********************************************************
* This program converts documented macro-files into fast *
* loadable files by stripping off (nearly) all comments! *
**********************************************************

********************************************************
* No Configuration file found, using default settings. *
********************************************************

)
File karencv.cls already exists somewhere on the system.
Overwrite it if necessary? [y/n]
\answer=y

Generating file(s) karencv.cls 
\openout0 = `karencv.cls'.


Processing file karencv.dtx (class) -> karencv.cls
File karencv.dtx ended by \endinput.
Lines  processed: 178
Comments removed: 104
Comments  passed: 0
Codelines passed: 66

*********************************************************
*
* To finish the installation you have to move the
* following file into a directory searched by TeX:
*
*   karencv.cls
*
* To produce the documentation run the file karencv.dtx
* through LaTeX.
*
* Happy TeXing!
*********************************************************
 )
No pages of output.
